0 info it worked if it ends with ok
1 verbose cli [ '/usr/local/Cellar/node/7.7.3/bin/node',
1 verbose cli   '/usr/local/bin/npm',
1 verbose cli   'version',
1 verbose cli   'patch',
1 verbose cli   '-m',
1 verbose cli   'Upgrade to %s for reasons' ]
2 info using npm@4.1.2
3 info using node@v7.7.3
4 error version No valid package.json found
5 verbose stack SyntaxError: Unexpected token } in JSON at position 231
5 verbose stack     at JSON.parse (<anonymous>)
5 verbose stack     at /usr/local/lib/node_modules/npm/lib/version.js:114:19
5 verbose stack     at /usr/local/lib/node_modules/npm/node_modules/graceful-fs/graceful-fs.js:78:16
5 verbose stack     at FSReqWrap.readFileAfterClose [as oncomplete] (fs.js:438:3)
6 verbose cwd /Users/steve.thomson/Dev/tmp/tags
7 error Darwin 16.5.0
8 error argv "/usr/local/Cellar/node/7.7.3/bin/node" "/usr/local/bin/npm" "version" "patch" "-m" "Upgrade to %s for reasons"
9 error node v7.7.3
10 error npm  v4.1.2
11 error Unexpected token } in JSON at position 231
12 error If you need help, you may report this error at:
12 error     <https://github.com/npm/npm/issues>
13 verbose exit [ 1, true ]
